  Model.cpp
E:\7sem\SAiMMod\Lab4 — копия\Lab4\Model.cpp(1,1): warning C4828: The file contains a character starting at offset 0xac3 that is illegal in the current source character set (codepage 65001).
E:\7sem\SAiMMod\Lab4 — копия\Lab4\Model.cpp(1,1): warning C4828: The file contains a character starting at offset 0xac7 that is illegal in the current source character set (codepage 65001).
E:\7sem\SAiMMod\Lab4 — копия\Lab4\Model.cpp(1,1): warning C4828: The file contains a character starting at offset 0xacb that is illegal in the current source character set (codepage 65001).
E:\7sem\SAiMMod\Lab4 — копия\Lab4\Model.cpp(1,1): warning C4828: The file contains a character starting at offset 0xacf that is illegal in the current source character set (codepage 65001).
E:\7sem\SAiMMod\Lab4 — копия\Lab4\Model.cpp(1,1): warning C4828: The file contains a character starting at offset 0xad2 that is illegal in the current source character set (codepage 65001).
E:\7sem\SAiMMod\Lab4 — копия\Lab4\Model.cpp(1,1): warning C4828: The file contains a character starting at offset 0xad5 that is illegal in the current source character set (codepage 65001).
E:\7sem\SAiMMod\Lab4 — копия\Lab4\Model.cpp(1,1): warning C4828: The file contains a character starting at offset 0xad8 that is illegal in the current source character set (codepage 65001).
E:\7sem\SAiMMod\Lab4 — копия\Lab4\Model.cpp(1,1): warning C4828: The file contains a character starting at offset 0xadb that is illegal in the current source character set (codepage 65001).
E:\7sem\SAiMMod\Lab4 — копия\Lab4\Model.cpp(1,1): warning C4828: The file contains a character starting at offset 0xade that is illegal in the current source character set (codepage 65001).
E:\7sem\SAiMMod\Lab4 — копия\Lab4\Model.cpp(1,1): warning C4828: The file contains a character starting at offset 0xb2f that is illegal in the current source character set (codepage 65001).
E:\7sem\SAiMMod\Lab4 — копия\Lab4\Model.cpp(1,1): warning C4828: The file contains a character starting at offset 0xb33 that is illegal in the current source character set (codepage 65001).
E:\7sem\SAiMMod\Lab4 — копия\Lab4\Model.cpp(1,1): warning C4828: The file contains a character starting at offset 0xb37 that is illegal in the current source character set (codepage 65001).
E:\7sem\SAiMMod\Lab4 — копия\Lab4\Model.cpp(1,1): warning C4828: The file contains a character starting at offset 0xb3b that is illegal in the current source character set (codepage 65001).
E:\7sem\SAiMMod\Lab4 — копия\Lab4\Model.cpp(1,1): warning C4828: The file contains a character starting at offset 0xb3e that is illegal in the current source character set (codepage 65001).
E:\7sem\SAiMMod\Lab4 — копия\Lab4\Model.cpp(1,1): warning C4828: The file contains a character starting at offset 0xb41 that is illegal in the current source character set (codepage 65001).
E:\7sem\SAiMMod\Lab4 — копия\Lab4\Model.cpp(1,1): warning C4828: The file contains a character starting at offset 0xb44 that is illegal in the current source character set (codepage 65001).
E:\7sem\SAiMMod\Lab4 — копия\Lab4\Model.cpp(1,1): warning C4828: The file contains a character starting at offset 0xb47 that is illegal in the current source character set (codepage 65001).
E:\7sem\SAiMMod\Lab4 — копия\Lab4\Model.cpp(1,1): warning C4828: The file contains a character starting at offset 0xb4b that is illegal in the current source character set (codepage 65001).
E:\7sem\SAiMMod\Lab4 — копия\Lab4\Model.h(1,1): warning C4828: The file contains a character starting at offset 0x49e that is illegal in the current source character set (codepage 65001).
E:\7sem\SAiMMod\Lab4 — копия\Lab4\Model.h(1,1): warning C4828: The file contains a character starting at offset 0x4a1 that is illegal in the current source character set (codepage 65001).
E:\7sem\SAiMMod\Lab4 — копия\Lab4\Model.h(1,1): warning C4828: The file contains a character starting at offset 0x4a4 that is illegal in the current source character set (codepage 65001).
E:\7sem\SAiMMod\Lab4 — копия\Lab4\Model.h(1,1): warning C4828: The file contains a character starting at offset 0x4a7 that is illegal in the current source character set (codepage 65001).
E:\7sem\SAiMMod\Lab4 — копия\Lab4\Model.h(1,1): warning C4828: The file contains a character starting at offset 0x4ab that is illegal in the current source character set (codepage 65001).
E:\7sem\SAiMMod\Lab4 — копия\Lab4\Model.h(1,1): warning C4828: The file contains a character starting at offset 0x4af that is illegal in the current source character set (codepage 65001).
E:\7sem\SAiMMod\Lab4 — копия\Lab4\Model.h(1,1): warning C4828: The file contains a character starting at offset 0x4b3 that is illegal in the current source character set (codepage 65001).
E:\7sem\SAiMMod\Lab4 — копия\Lab4\Model.h(1,1): warning C4828: The file contains a character starting at offset 0x4b6 that is illegal in the current source character set (codepage 65001).
E:\7sem\SAiMMod\Lab4 — копия\Lab4\Model.h(1,1): warning C4828: The file contains a character starting at offset 0x4b9 that is illegal in the current source character set (codepage 65001).
E:\7sem\SAiMMod\Lab4 — копия\Lab4\Model.h(1,1): warning C4828: The file contains a character starting at offset 0x4bc that is illegal in the current source character set (codepage 65001).
  Lab4.vcxproj -> E:\7sem\SAiMMod\Lab4 — копия\x64\Debug\Lab4.exe
